line profiling: sample.interval=20000
#File 1: /home/angel/MEGA/MEGAsync/Universidad/Trabajo Fin de Grado/SDR/R/Utils.R
#File 2: /home/angel/MEGA/MEGAsync/Universidad/Trabajo Fin de Grado/SDR/R/FuGePSD.R
1#490 "lapply" 1#490 ".separar" 2#365 "FUN" 2#356 "lapply" 
"vapply" "list.names" "table" 2#387 "FUN" 2#356 "lapply" 
"any" "factor" "table" 2#387 "FUN" 2#356 "lapply" 
2#412 "FUN" 2#356 "lapply" 
#File 3: /home/angel/MEGA/MEGAsync/Universidad/Trabajo Fin de Grado/SDR/R/Difuso.R
#File 4: /home/angel/MEGA/MEGAsync/Universidad/Trabajo Fin de Grado/SDR/R/ga.R
"&" "which" 3#129 ".grado_pertenencia5" 1#56 "Rule.compatibility" 4#1888 ".fitnessFuGePSD" 2#372 "FUN" 2#356 "lapply" 
"factor" "table" 2#387 "FUN" 2#356 "lapply" 
1#490 "FUN" 1#490 "lapply" 1#490 ".separar" 2#365 "FUN" 2#356 "lapply" 
1#490 "FUN" 1#490 "lapply" 1#490 ".separar" 2#365 "FUN" 2#356 "lapply" 
3#134 ".grado_pertenencia5" 1#56 "Rule.compatibility" 4#1888 ".fitnessFuGePSD" 2#372 "FUN" 2#356 "lapply" 
"as.character" "factor" "table" 2#387 "FUN" 2#356 "lapply" 
"<" "which" 3#129 ".grado_pertenencia5" 1#56 "Rule.compatibility" 4#1888 ".fitnessFuGePSD" 2#372 "FUN" 2#356 "lapply" 
"as.character" "factor" "table" 2#387 "FUN" 2#356 "lapply" 
"apply" 1#61 "Rule.compatibility" 4#1888 ".fitnessFuGePSD" 2#372 "FUN" 2#356 "lapply" 
"length" 1#490 "FUN" 1#490 "lapply" 1#490 ".separar" 2#365 "FUN" 2#356 "lapply" 
1#490 "FUN" 1#490 "lapply" 1#490 ".separar" 2#365 "FUN" 2#356 "lapply" 
"unlist" 2#386 "FUN" 2#356 "lapply" 
"as.character" "factor" "table" 2#387 "FUN" 2#356 "lapply" 
"match.arg" "table" 2#387 "FUN" 2#356 "lapply" 
"apply" 1#61 "Rule.compatibility" 4#1888 ".fitnessFuGePSD" 2#372 "FUN" 2#356 "lapply" 
"&" "which" 3#130 ".grado_pertenencia5" 1#56 "Rule.compatibility" 4#1888 ".fitnessFuGePSD" 2#372 "FUN" 2#356 "lapply" 
"apply" 1#61 "Rule.compatibility" 4#1888 ".fitnessFuGePSD" 2#372 "FUN" 2#356 "lapply" 
">=" "which" 3#128 ".grado_pertenencia5" 1#56 "Rule.compatibility" 4#1888 ".fitnessFuGePSD" 2#372 "FUN" 2#356 "lapply" 
"levels.default" "levels" "table" 2#387 "FUN" 2#356 "lapply" 
"&" "which" 3#130 ".grado_pertenencia5" 1#56 "Rule.compatibility" 4#1888 ".fitnessFuGePSD" 2#372 "FUN" 2#356 "lapply" 
"eval" "match.arg" "sort.list" "factor" "table" 2#387 "FUN" 2#356 "lapply" 
"apply" 1#61 "Rule.compatibility" 4#1888 ".fitnessFuGePSD" 2#372 "FUN" 2#356 "lapply" 
1#490 "lapply" 1#490 ".separar" 2#365 "FUN" 2#356 "lapply" 
1#490 "FUN" 1#490 "lapply" 1#490 ".separar" 2#365 "FUN" 2#356 "lapply" 
">" "which" 3#129 ".grado_pertenencia5" 1#56 "Rule.compatibility" 4#1888 ".fitnessFuGePSD" 2#372 "FUN" 2#356 "lapply" 
"apply" 1#61 "Rule.compatibility" 4#1888 ".fitnessFuGePSD" 2#372 "FUN" 2#356 "lapply" 
1#499 "FUN" 1#499 "lapply" 1#499 ".getClassAttributes" "unlist" 2#386 "FUN" 2#356 "lapply" 
"is.recursive" "apply" 1#61 "Rule.compatibility" 4#1888 ".fitnessFuGePSD" 2#372 "FUN" 2#356 "lapply" 
2#451 "$" 2#451 "Rule.toCANVectorRepresentation" 4#1847 ".fitnessFuGePSD" 2#372 "FUN" 2#356 "lapply" 
"array" "as.matrix.default" "as.matrix" 2#459 "Rule.toCANVectorRepresentation" 4#1847 ".fitnessFuGePSD" 2#372 "FUN" 2#356 "lapply" 
"$" "lapply" 1#499 ".getClassAttributes" "unlist" 2#386 "FUN" 2#356 "lapply" 
"apply" 1#61 "Rule.compatibility" 4#1888 ".fitnessFuGePSD" 2#372 "FUN" 2#356 "lapply" 
1#490 "FUN" 1#490 "lapply" 1#490 ".separar" 2#365 "FUN" 2#356 "lapply" 
1#490 "lapply" 1#490 ".separar" 2#365 "FUN" 2#356 "lapply" 
"as.character" "factor" "table" 2#387 "FUN" 2#356 "lapply" 
"FUN" "vapply" "list.names" "table" 2#387 "FUN" 2#356 "lapply" 
"&" "which" 3#129 ".grado_pertenencia5" 1#56 "Rule.compatibility" 4#1888 ".fitnessFuGePSD" 2#372 "FUN" 2#356 "lapply" 
"length" 1#490 "FUN" 1#490 "lapply" 1#490 ".separar" 2#365 "FUN" 2#356 "lapply" 
"as.character" "factor" "table" 2#387 "FUN" 2#356 "lapply" 
1#490 "lapply" 1#490 ".separar" 2#365 "FUN" 2#356 "lapply" 
1#490 "FUN" 1#490 "lapply" 1#490 ".separar" 2#365 "FUN" 2#356 "lapply" 
