\BOOKMARK [1][-]{section.1}{\376\377\000I\000n\000t\000r\000o\000d\000u\000c\000t\000i\000o\000n}{}% 1
\BOOKMARK [1][-]{section.2}{\376\377\000S\000u\000b\000g\000r\000o\000u\000p\000\040\000D\000i\000s\000c\000o\000v\000e\000r\000y}{}% 2
\BOOKMARK [2][-]{subsection.2.1}{\376\377\000M\000a\000i\000n\000\040\000e\000l\000e\000m\000e\000n\000t\000s\000\040\000o\000f\000\040\000s\000u\000b\000g\000r\000o\000u\000p\000\040\000d\000i\000s\000c\000o\000v\000e\000r\000y\000\040\000a\000l\000g\000o\000r\000i\000t\000h\000m\000s}{section.2}% 3
\BOOKMARK [2][-]{subsection.2.2}{\376\377\000Q\000u\000a\000l\000i\000t\000y\000\040\000m\000e\000a\000s\000u\000r\000e\000s\000\040\000f\000o\000r\000\040\000s\000u\000b\000g\000r\000o\000u\000p\000\040\000d\000i\000s\000c\000o\000v\000e\000r\000y\000\040}{section.2}% 4
\BOOKMARK [1][-]{section.3}{\376\377\000A\000l\000g\000o\000r\000i\000t\000h\000m\000s\000\040\000o\000f\000\040\000t\000h\000e\000\040\000p\000a\000c\000k\000a\000g\000e}{}% 5
\BOOKMARK [2][-]{subsection.3.1}{\376\377\000S\000D\000I\000G\000A\000\040\000\050\000S\000u\000b\000g\000r\000o\000u\000p\000\040\000D\000i\000s\000c\000o\000v\000e\000r\000y\000\040\000I\000t\000e\000r\000a\000t\000i\000v\000e\000\040\000G\000e\000n\000e\000t\000i\000c\000\040\000A\000l\000g\000o\000r\000i\000t\000h\000m\000\051}{section.3}% 6
\BOOKMARK [3][-]{subsubsection.3.1.1}{\376\377\000C\000o\000m\000p\000o\000n\000e\000n\000t\000s\000\040\000o\000f\000\040\000g\000e\000n\000e\000t\000i\000c\000\040\000a\000l\000g\000o\000r\000i\000t\000h\000m\000\040\000o\000f\000\040\000S\000D\000I\000G\000A}{subsection.3.1}% 7
\BOOKMARK [3][-]{subsubsection.3.1.2}{\376\377\000L\000o\000c\000a\000l\000\040\000o\000p\000t\000i\000m\000i\000z\000a\000t\000i\000o\000n}{subsection.3.1}% 8
\BOOKMARK [2][-]{subsection.3.2}{\376\377\000M\000E\000S\000D\000I\000F\000\040\000\050\000M\000u\000l\000t\000i\000o\000b\000j\000e\000t\000i\000v\000e\000\040\000E\000v\000o\000l\000u\000t\000i\000o\000n\000a\000r\000y\000\040\000S\000u\000b\000g\000r\000o\000u\000p\000\040\000D\000I\000s\000c\000o\000v\000e\000r\000y\000\040\000F\000u\000z\000z\000y\000\040\000r\000u\000l\000e\000s\000\051}{section.3}% 9
\BOOKMARK [3][-]{subsubsection.3.2.1}{\376\377\000C\000o\000m\000p\000o\000n\000e\000n\000t\000s\000\040\000o\000f\000\040\000t\000h\000e\000\040\000g\000e\000n\000e\000t\000i\000c\000\040\000a\000l\000g\000o\000r\000i\000t\000h\000m\000.}{subsection.3.2}% 10
\BOOKMARK [2][-]{subsection.3.3}{\376\377\000N\000M\000E\000E\000F\000-\000S\000D\000\040\000\050\000N\000o\000n\000-\000d\000o\000m\000i\000n\000a\000t\000e\000d\000\040\000M\000u\000l\000t\000i\000-\000o\000b\000j\000e\000c\000t\000i\000v\000e\000\040\000E\000v\000o\000l\000u\000t\000i\000o\000n\000a\000r\000y\000\040\000a\000l\000g\000o\000r\000i\000t\000h\000m\000\040\000f\000o\000r\000\040\000E\000x\000t\000r\000a\000c\000t\000i\000n\000g\000\040\000F\000u\000z\000z\000y\000\040\000r\000u\000l\000e\000s\000\040\000i\000n\000\040\000S\000u\000b\000g\000r\000o\000u\000p\000\040\000D\000i\000s\000c\000o\000v\000e\000r\000y\000\051}{section.3}% 11
\BOOKMARK [3][-]{subsubsection.3.3.1}{\376\377\000E\000v\000o\000l\000u\000t\000i\000o\000n\000a\000r\000y\000\040\000p\000r\000o\000c\000e\000s\000s}{subsection.3.3}% 12
\BOOKMARK [3][-]{subsubsection.3.3.2}{\376\377\000G\000e\000n\000e\000t\000i\000c\000\040\000o\000p\000e\000r\000a\000t\000o\000r\000s}{subsection.3.3}% 13
\BOOKMARK [3][-]{subsubsection.3.3.3}{\376\377\000R\000e\000i\000n\000i\000t\000i\000a\000l\000i\000s\000a\000t\000i\000o\000n\000\040\000o\000p\000e\000r\000a\000t\000o\000r}{subsection.3.3}% 14
\BOOKMARK [2][-]{subsection.3.4}{\376\377\000F\000u\000G\000e\000P\000S\000D}{section.3}% 15
\BOOKMARK [3][-]{subsubsection.3.4.1}{\376\377\000E\000v\000o\000l\000u\000t\000i\000o\000n\000a\000r\000y\000\040\000p\000r\000o\000c\000e\000s\000s}{subsection.3.4}% 16
\BOOKMARK [3][-]{subsubsection.3.4.2}{\376\377\000G\000e\000n\000e\000t\000i\000c\000\040\000o\000p\000e\000r\000a\000t\000o\000r\000s}{subsection.3.4}% 17
\BOOKMARK [3][-]{subsubsection.3.4.3}{\376\377\000T\000o\000k\000e\000n\000\040\000C\000o\000m\000p\000e\000t\000i\000t\000i\000o\000n\000\040\000p\000r\000o\000c\000e\000d\000u\000r\000e}{subsection.3.4}% 18
\BOOKMARK [3][-]{subsubsection.3.4.4}{\376\377\000S\000c\000r\000e\000e\000n\000i\000n\000g\000\040\000F\000u\000n\000c\000t\000i\000o\000n}{subsection.3.4}% 19
\BOOKMARK [1][-]{section.4}{\376\377\000U\000s\000e\000\040\000o\000f\000\040\000S\000D\000E\000F\000S\000R\000\040\000p\000a\000c\000k\000a\000g\000e\000\040}{}% 20
\BOOKMARK [2][-]{subsection.4.1}{\376\377\000I\000n\000s\000t\000a\000l\000l\000i\000n\000g\000\040\000a\000n\000d\000\040\000l\000o\000a\000d\000\040\000t\000h\000e\000\040\000p\000a\000c\000k\000a\000g\000e\000.}{section.4}% 21
\BOOKMARK [2][-]{subsection.4.2}{\376\377\000L\000o\000a\000d\000\040\000a\000\040\000K\000E\000E\000L\000\040\000d\000a\000t\000a\000s\000e\000t}{section.4}% 22
\BOOKMARK [2][-]{subsection.4.3}{\376\377\000C\000r\000e\000a\000t\000i\000n\000g\000\040\000a\000\040\000K\000E\000E\000L\000\040\000o\000b\000j\000e\000c\000t\000\040\000f\000r\000o\000m\000\040\000a\000\040\000d\000a\000t\000a\000.\000f\000r\000a\000m\000e}{section.4}% 23
\BOOKMARK [2][-]{subsection.4.4}{\376\377\000E\000x\000e\000c\000u\000t\000i\000n\000g\000\040\000S\000u\000b\000g\000r\000o\000u\000p\000\040\000D\000i\000s\000c\000o\000v\000e\000r\000y\000\040\000a\000l\000g\000o\000r\000i\000t\000h\000m\000s}{section.4}% 24
\BOOKMARK [1][-]{section.5}{\376\377\000T\000h\000e\000\040\000u\000s\000e\000r\000\040\000i\000n\000t\000e\000r\000f\000a\000c\000e}{}% 25
\BOOKMARK [1][-]{section.6}{\376\377\000S\000u\000m\000m\000a\000r\000y}{}% 26
